app/build_alt/intermediates/manifest_merge_blame_file/debug/processDebugMainManifest/manifest-merger-blame-debug-report.txt
1<?xml version="1.0" encoding="utf-8"?>
2<manifest xmlns:android="http://schemas.android.com/apk/res/android"
3    package="com.kiranaflow.app"
4    android:versionCode="1"
5    android:versionName="1.0" >
6
7    <uses-sdk
8        android:minSdkVersion="26"
9        android:targetSdkVersion="34" />
10
11    <uses-feature android:name="android.hardware.camera.any" />
11-->src\main\AndroidManifest.xml:5:5-64
11-->src\main\AndroidManifest.xml:5:19-61
12
13    <uses-permission android:name="android.permission.CAMERA" />
13-->src\main\AndroidManifest.xml:6:5-65
13-->src\main\AndroidManifest.xml:6:22-62
14    <uses-permission android:name="android.permission.INTERNET" />
14-->src\main\AndroidManifest.xml:7:5-67
14-->src\main\AndroidManifest.xml:7:22-64
15    <uses-permission android:name="android.permission.ACCESS_NETWORK_STATE" />
15-->src\main\AndroidManifest.xml:8:5-79
15-->src\main\AndroidManifest.xml:8:22-76
16    <uses-permission android:name="android.permission.VIBRATE" />
16-->src\main\AndroidManifest.xml:9:5-66
16-->src\main\AndroidManifest.xml:9:22-63
17    <uses-permission android:name="android.permission.READ_CONTACTS" />
17-->src\main\AndroidManifest.xml:10:5-72
17-->src\main\AndroidManifest.xml:10:22-69
18
19    <permission
19-->[androidx.core:core:1.12.0] AndroidManifest.xml:22:5-24:47
20        android:name="com.kiranaflow.app.DYNAMIC_RECEIVER_NOT_EXPORTED_PERMISSION"
20-->[androidx.core:core:1.12.0] AndroidManifest.xml:23:9-81
21        android:protectionLevel="signature" />
21-->[androidx.core:core:1.12.0] AndroidManifest.xml:24:9-44
22
23    <uses-permission android:name="com.kiranaflow.app.DYNAMIC_RECEIVER_NOT_EXPORTED_PERMISSION" />
23-->[androidx.core:core:1.12.0] AndroidManifest.xml:26:5-97
23-->[androidx.core:core:1.12.0] AndroidManifest.xml:26:22-94
24
25    <application
25-->src\main\AndroidManifest.xml:12:5-42:19
26        android.roundIcon="@mipmap/ic_launcher_round"
26-->src\main\AndroidManifest.xml:18:9-54
27        android:allowBackup="true"
27-->src\main\AndroidManifest.xml:13:9-35
28        android:appComponentFactory="androidx.core.app.CoreComponentFactory"
28-->[androidx.core:core:1.12.0] AndroidManifest.xml:28:18-86
29        android:dataExtractionRules="@xml/data_extraction_rules"
29-->src\main\AndroidManifest.xml:14:9-65
30        android:debuggable="true"
31        android:extractNativeLibs="true"
32        android:fullBackupContent="@xml/backup_rules"
32-->src\main\AndroidManifest.xml:15:9-54
33        android:icon="@mipmap/ic_launcher"
33-->src\main\AndroidManifest.xml:16:9-43
34        android:label="@string/app_name"
34-->src\main\AndroidManifest.xml:17:9-41
35        android:supportsRtl="true"
35-->src\main\AndroidManifest.xml:19:9-35
36        android:theme="@style/Theme.KiranaFlow" >
36-->src\main\AndroidManifest.xml:20:9-48
37        <activity
37-->src\main\AndroidManifest.xml:22:9-31:20
38            android:name="com.kiranaflow.app.MainActivity"
38-->src\main\AndroidManifest.xml:23:13-41
39            android:exported="true"
39-->src\main\AndroidManifest.xml:24:13-36
40            android:theme="@style/Theme.KiranaFlow" >
40-->src\main\AndroidManifest.xml:25:13-52
41            <intent-filter>
41-->src\main\AndroidManifest.xml:26:13-30:29
42                <action android:name="android.intent.action.MAIN" />
42-->src\main\AndroidManifest.xml:27:17-69
42-->src\main\AndroidManifest.xml:27:25-66
43
44                <category android:name="android.intent.category.LAUNCHER" />
44-->src\main\AndroidManifest.xml:29:17-77
44-->src\main\AndroidManifest.xml:29:27-74
45            </intent-filter>
46        </activity>
47
48        <provider
49            android:name="androidx.core.content.FileProvider"
49-->src\main\AndroidManifest.xml:34:13-62
50            android:authorities="com.kiranaflow.app.fileprovider"
50-->src\main\AndroidManifest.xml:35:13-64
51            android:exported="false"
51-->src\main\AndroidManifest.xml:36:13-37
52            android:grantUriPermissions="true" >
52-->src\main\AndroidManifest.xml:37:13-47
53            <meta-data
53-->src\main\AndroidManifest.xml:38:13-40:54
54                android:name="android.support.FILE_PROVIDER_PATHS"
54-->src\main\AndroidManifest.xml:39:17-67
55                android:resource="@xml/file_paths" />
55-->src\main\AndroidManifest.xml:40:17-51
56        </provider>
57
58        <service
58-->[androidx.camera:camera-camera2:1.3.1] AndroidManifest.xml:24:9-33:19
59            android:name="androidx.camera.core.impl.MetadataHolderService"
59-->[androidx.camera:camera-camera2:1.3.1] AndroidManifest.xml:25:13-75
60            android:enabled="false"
60-->[androidx.camera:camera-camera2:1.3.1] AndroidManifest.xml:26:13-36
61            android:exported="false" >
61-->[androidx.camera:camera-camera2:1.3.1] AndroidManifest.xml:27:13-37
62            <meta-data
62-->[androidx.camera:camera-camera2:1.3.1] AndroidManifest.xml:30:13-32:89
63                android:name="androidx.camera.core.impl.MetadataHolderService.DEFAULT_CONFIG_PROVIDER"
63-->[androidx.camera:camera-camera2:1.3.1] AndroidManifest.xml:31:17-103
64                android:value="androidx.camera.camera2.Camera2Config$DefaultProvider" />
64-->[androidx.camera:camera-camera2:1.3.1] AndroidManifest.xml:32:17-86
65        </service>
66        <service
66-->[com.google.android.gms:play-services-mlkit-barcode-scanning:18.3.0] AndroidManifest.xml:9:9-15:19
67            android:name="com.google.mlkit.common.internal.MlKitComponentDiscoveryService"
67-->[com.google.android.gms:play-services-mlkit-barcode-scanning:18.3.0] AndroidManifest.xml:10:13-91
68            android:directBootAware="true"
68-->[com.google.mlkit:common:18.9.0] AndroidManifest.xml:17:13-43
69            android:exported="false" >
69-->[com.google.android.gms:play-services-mlkit-barcode-scanning:18.3.0] AndroidManifest.xml:11:13-37
70            <meta-data
70-->[com.google.android.gms:play-services-mlkit-barcode-scanning:18.3.0] AndroidManifest.xml:12:13-14:85
71                android:name="com.google.firebase.components:com.google.mlkit.vision.barcode.internal.BarcodeRegistrar"
71-->[com.google.android.gms:play-services-mlkit-barcode-scanning:18.3.0] AndroidManifest.xml:13:17-120
72                android:value="com.google.firebase.components.ComponentRegistrar" />
72-->[com.google.android.gms:play-services-mlkit-barcode-scanning:18.3.0] AndroidManifest.xml:14:17-82
73            <meta-data
73-->[com.google.mlkit:vision-common:17.3.0] AndroidManifest.xml:12:13-14:85
74                android:name="com.google.firebase.components:com.google.mlkit.vision.common.internal.VisionCommonRegistrar"
74-->[com.google.mlkit:vision-common:17.3.0] AndroidManifest.xml:13:17-124
75                android:value="com.google.firebase.components.ComponentRegistrar" />
75-->[com.google.mlkit:vision-common:17.3.0] AndroidManifest.xml:14:17-82
76            <meta-data
76-->[com.google.mlkit:common:18.9.0] AndroidManifest.xml:20:13-22:85
77                android:name="com.google.firebase.components:com.google.mlkit.common.internal.CommonComponentRegistrar"
77-->[com.google.mlkit:common:18.9.0] AndroidManifest.xml:21:17-120
78                android:value="com.google.firebase.components.ComponentRegistrar" />
78-->[com.google.mlkit:common:18.9.0] AndroidManifest.xml:22:17-82
79        </service>
80
81        <provider
81-->[com.google.mlkit:common:18.9.0] AndroidManifest.xml:9:9-13:38
82            android:name="com.google.mlkit.common.internal.MlKitInitProvider"
82-->[com.google.mlkit:common:18.9.0] AndroidManifest.xml:10:13-78
83            android:authorities="com.kiranaflow.app.mlkitinitprovider"
83-->[com.google.mlkit:common:18.9.0] AndroidManifest.xml:11:13-69
84            android:exported="false"
84-->[com.google.mlkit:common:18.9.0] AndroidManifest.xml:12:13-37
85            android:initOrder="99" />
85-->[com.google.mlkit:common:18.9.0] AndroidManifest.xml:13:13-35
86
87        <activity
87-->[com.google.android.gms:play-services-base:18.1.0] AndroidManifest.xml:20:9-22:45
88            android:name="com.google.android.gms.common.api.GoogleApiActivity"
88-->[com.google.android.gms:play-services-base:18.1.0] AndroidManifest.xml:20:19-85
89            android:exported="false"
89-->[com.google.android.gms:play-services-base:18.1.0] AndroidManifest.xml:22:19-43
90            android:theme="@android:style/Theme.Translucent.NoTitleBar" />
90-->[com.google.android.gms:play-services-base:18.1.0] AndroidManifest.xml:21:19-78
91
92        <meta-data
92-->[com.google.android.gms:play-services-basement:18.1.0] AndroidManifest.xml:21:9-23:69
93            android:name="com.google.android.gms.version"
93-->[com.google.android.gms:play-services-basement:18.1.0] AndroidManifest.xml:22:13-58
94            android:value="@integer/google_play_services_version" />
94-->[com.google.android.gms:play-services-basement:18.1.0] AndroidManifest.xml:23:13-66
95
96        <activity
96-->[androidx.compose.ui:ui-tooling-android:1.5.4] AndroidManifest.xml:23:9-25:39
97            android:name="androidx.compose.ui.tooling.PreviewActivity"
97-->[androidx.compose.ui:ui-tooling-android:1.5.4] AndroidManifest.xml:24:13-71
98            android:exported="true" />
98-->[androidx.compose.ui:ui-tooling-android:1.5.4] AndroidManifest.xml:25:13-36
99        <activity
99-->[androidx.compose.ui:ui-test-manifest:1.5.4] AndroidManifest.xml:23:9-25:39
100            android:name="androidx.activity.ComponentActivity"
100-->[androidx.compose.ui:ui-test-manifest:1.5.4] AndroidManifest.xml:24:13-63
101            android:exported="true" />
101-->[androidx.compose.ui:ui-test-manifest:1.5.4] AndroidManifest.xml:25:13-36
102
103        <provider
103-->[androidx.emoji2:emoji2:1.4.0] AndroidManifest.xml:24:9-32:20
104            android:name="androidx.startup.InitializationProvider"
104-->[androidx.emoji2:emoji2:1.4.0] AndroidManifest.xml:25:13-67
105            android:authorities="com.kiranaflow.app.androidx-startup"
105-->[androidx.emoji2:emoji2:1.4.0] AndroidManifest.xml:26:13-68
106            android:exported="false" >
106-->[androidx.emoji2:emoji2:1.4.0] AndroidManifest.xml:27:13-37
107            <meta-data
107-->[androidx.emoji2:emoji2:1.4.0] AndroidManifest.xml:29:13-31:52
108                android:name="androidx.emoji2.text.EmojiCompatInitializer"
108-->[androidx.emoji2:emoji2:1.4.0] AndroidManifest.xml:30:17-75
109                android:value="androidx.startup" />
109-->[androidx.emoji2:emoji2:1.4.0] AndroidManifest.xml:31:17-49
110            <meta-data
110-->[androidx.lifecycle:lifecycle-process:2.7.0] AndroidManifest.xml:29:13-31:52
111                android:name="androidx.lifecycle.ProcessLifecycleInitializer"
111-->[androidx.lifecycle:lifecycle-process:2.7.0] AndroidManifest.xml:30:17-78
112                android:value="androidx.startup" />
112-->[androidx.lifecycle:lifecycle-process:2.7.0] AndroidManifest.xml:31:17-49
113            <meta-data
113-->[androidx.profileinstaller:profileinstaller:1.3.1] AndroidManifest.xml:29:13-31:52
114                android:name="androidx.profileinstaller.ProfileInstallerInitializer"
114-->[androidx.profileinstaller:profileinstaller:1.3.1] AndroidManifest.xml:30:17-85
115                android:value="androidx.startup" />
115-->[androidx.profileinstaller:profileinstaller:1.3.1] AndroidManifest.xml:31:17-49
116        </provider>
117
118        <service
118-->[androidx.room:room-runtime:2.6.1] AndroidManifest.xml:24:9-28:63
119            android:name="androidx.room.MultiInstanceInvalidationService"
119-->[androidx.room:room-runtime:2.6.1] AndroidManifest.xml:25:13-74
120            android:directBootAware="true"
120-->[androidx.room:room-runtime:2.6.1] AndroidManifest.xml:26:13-43
121            android:exported="false" />
121-->[androidx.room:room-runtime:2.6.1] AndroidManifest.xml:27:13-37
122        <service
122-->[com.google.android.datatransport:transport-backend-cct:2.3.3] AndroidManifest.xml:29:9-35:19
123            android:name="com.google.android.datatransport.runtime.backends.TransportBackendDiscovery"
123-->[com.google.android.datatransport:transport-backend-cct:2.3.3] AndroidManifest.xml:30:13-103
124            android:exported="false" >
124-->[com.google.android.datatransport:transport-backend-cct:2.3.3] AndroidManifest.xml:31:13-37
125            <meta-data
125-->[com.google.android.datatransport:transport-backend-cct:2.3.3] AndroidManifest.xml:32:13-34:39
126                android:name="backend:com.google.android.datatransport.cct.CctBackendFactory"
126-->[com.google.android.datatransport:transport-backend-cct:2.3.3] AndroidManifest.xml:33:17-94
127                android:value="cct" />
127-->[com.google.android.datatransport:transport-backend-cct:2.3.3] AndroidManifest.xml:34:17-36
128        </service>
129        <service
129-->[com.google.android.datatransport:transport-runtime:2.2.6] AndroidManifest.xml:26:9-30:19
130            android:name="com.google.android.datatransport.runtime.scheduling.jobscheduling.JobInfoSchedulerService"
130-->[com.google.android.datatransport:transport-runtime:2.2.6] AndroidManifest.xml:27:13-117
131            android:exported="false"
131-->[com.google.android.datatransport:transport-runtime:2.2.6] AndroidManifest.xml:28:13-37
132            android:permission="android.permission.BIND_JOB_SERVICE" >
132-->[com.google.android.datatransport:transport-runtime:2.2.6] AndroidManifest.xml:29:13-69
133        </service>
134
135        <receiver
135-->[com.google.android.datatransport:transport-runtime:2.2.6] AndroidManifest.xml:32:9-34:40
136            android:name="com.google.android.datatransport.runtime.scheduling.jobscheduling.AlarmManagerSchedulerBroadcastReceiver"
136-->[com.google.android.datatransport:transport-runtime:2.2.6] AndroidManifest.xml:33:13-132
137            android:exported="false" />
137-->[com.google.android.datatransport:transport-runtime:2.2.6] AndroidManifest.xml:34:13-37
138        <receiver
138-->[androidx.profileinstaller:profileinstaller:1.3.1] AndroidManifest.xml:34:9-52:20
139            android:name="androidx.profileinstaller.ProfileInstallReceiver"
139-->[androidx.profileinstaller:profileinstaller:1.3.1] AndroidManifest.xml:35:13-76
140            android:directBootAware="false"
140-->[androidx.profileinstaller:profileinstaller:1.3.1] AndroidManifest.xml:36:13-44
141            android:enabled="true"
141-->[androidx.profileinstaller:profileinstaller:1.3.1] AndroidManifest.xml:37:13-35
142            android:exported="true"
142-->[androidx.profileinstaller:profileinstaller:1.3.1] AndroidManifest.xml:38:13-36
143            android:permission="android.permission.DUMP" >
143-->[androidx.profileinstaller:profileinstaller:1.3.1] AndroidManifest.xml:39:13-57
144            <intent-filter>
144-->[androidx.profileinstaller:profileinstaller:1.3.1] AndroidManifest.xml:40:13-42:29
145                <action android:name="androidx.profileinstaller.action.INSTALL_PROFILE" />
145-->[androidx.profileinstaller:profileinstaller:1.3.1] AndroidManifest.xml:41:17-91
145-->[androidx.profileinstaller:profileinstaller:1.3.1] AndroidManifest.xml:41:25-88
146            </intent-filter>
147            <intent-filter>
147-->[androidx.profileinstaller:profileinstaller:1.3.1] AndroidManifest.xml:43:13-45:29
148                <action android:name="androidx.profileinstaller.action.SKIP_FILE" />
148-->[androidx.profileinstaller:profileinstaller:1.3.1] AndroidManifest.xml:44:17-85
148-->[androidx.profileinstaller:profileinstaller:1.3.1] AndroidManifest.xml:44:25-82
149            </intent-filter>
150            <intent-filter>
150-->[androidx.profileinstaller:profileinstaller:1.3.1] AndroidManifest.xml:46:13-48:29
151                <action android:name="androidx.profileinstaller.action.SAVE_PROFILE" />
151-->[androidx.profileinstaller:profileinstaller:1.3.1] AndroidManifest.xml:47:17-88
151-->[androidx.profileinstaller:profileinstaller:1.3.1] AndroidManifest.xml:47:25-85
152            </intent-filter>
153            <intent-filter>
153-->[androidx.profileinstaller:profileinstaller:1.3.1] AndroidManifest.xml:49:13-51:29
154                <action android:name="androidx.profileinstaller.action.BENCHMARK_OPERATION" />
154-->[androidx.profileinstaller:profileinstaller:1.3.1] AndroidManifest.xml:50:17-95
154-->[androidx.profileinstaller:profileinstaller:1.3.1] AndroidManifest.xml:50:25-92
155            </intent-filter>
156        </receiver>
157    </application>
158
159</manifest>